TN:
SF:src/App.tsx
FN:5,App
FNF:1
FNH:0
FNDA:0,App
DA:6,0
DA:7,0
LF:2
LH:0
BRF:0
BRH:0
end_of_record
TN:
SF:src/main.tsx
FNF:0
FNH:0
DA:8,0
LF:1
LH:0
BRF:0
BRH:0
end_of_record
TN:
SF:src/features/chat/APIKeyButton.tsx
FN:21,APIKeyButton
FN:27,(anonymous_1)
FN:103,(anonymous_2)
FN:111,(anonymous_3)
FN:111,(anonymous_4)
FN:136,(anonymous_5)
FN:164,EyeIcon
FN:179,EyeOffIcon
FNF:8
FNH:0
FNDA:0,APIKeyButton
FNDA:0,(anonymous_1)
FNDA:0,(anonymous_2)
FNDA:0,(anonymous_3)
FNDA:0,(anonymous_4)
FNDA:0,(anonymous_5)
FNDA:0,EyeIcon
FNDA:0,EyeOffIcon
DA:5,0
DA:19,0
DA:22,0
DA:23,0
DA:24,0
DA:25,0
DA:27,0
DA:28,0
DA:29,0
DA:31,0
DA:32,0
DA:34,0
DA:35,0
DA:36,0
DA:39,0
DA:46,0
DA:51,0
DA:52,0
DA:54,0
DA:55,0
DA:56,0
DA:59,0
DA:60,0
DA:62,0
DA:64,0
DA:66,0
DA:69,0
DA:73,0
DA:104,0
DA:105,0
DA:111,0
DA:137,0
DA:165,0
DA:180,0
LF:34
LH:0
BRDA:31,0,0,0
BRDA:31,0,1,0
BRDA:34,1,0,0
BRDA:34,1,1,0
BRDA:51,2,0,0
BRDA:51,2,1,0
BRDA:51,2,2,0
BRDA:52,3,0,0
BRDA:52,3,1,0
BRDA:54,4,0,0
BRDA:54,4,1,0
BRDA:55,5,0,0
BRDA:55,5,1,0
BRDA:66,6,0,0
BRDA:66,6,1,0
BRDA:100,7,0,0
BRDA:100,7,1,0
BRDA:105,8,0,0
BRDA:105,8,1,0
BRDA:113,9,0,0
BRDA:113,9,1,0
BRDA:114,10,0,0
BRDA:114,10,1,0
BRDA:117,11,0,0
BRDA:117,11,1,0
BRDA:122,12,0,0
BRDA:122,12,1,0
BRF:27
BRH:0
end_of_record
TN:
SF:src/features/chat/AiBubble.tsx
FN:6,AIBubble
FNF:1
FNH:0
FNDA:0,AIBubble
DA:7,0
DA:8,0
LF:2
LH:0
BRDA:15,0,0,0
BRDA:15,0,1,0
BRDA:16,1,0,0
BRDA:16,1,1,0
BRDA:19,2,0,0
BRDA:19,2,1,0
BRF:6
BRH:0
end_of_record
TN:
SF:src/features/chat/AiMessageAccordion.tsx
FN:8,AiMessageAccordion
FN:12,(anonymous_1)
FNF:2
FNH:0
FNDA:0,AiMessageAccordion
FNDA:0,(anonymous_1)
DA:9,0
DA:10,0
DA:12,0
DA:13,0
DA:22,0
LF:5
LH:0
BRDA:31,0,0,0
BRDA:31,0,1,0
BRDA:35,1,0,0
BRDA:35,1,1,0
BRDA:38,2,0,0
BRDA:38,2,1,0
BRF:6
BRH:0
end_of_record
TN:
SF:src/features/chat/Aichat.tsx
FN:8,AIChat
FN:18,(anonymous_1)
FN:22,(anonymous_2)
FNF:3
FNH:2
FNDA:3,AIChat
FNDA:0,(anonymous_1)
FNDA:3,(anonymous_2)
DA:9,3
DA:10,3
DA:11,3
DA:12,3
DA:14,3
DA:18,3
DA:19,0
DA:22,3
DA:23,3
DA:24,3
DA:25,3
DA:26,3
DA:27,3
DA:28,3
DA:29,3
DA:30,2
DA:31,2
DA:32,0
DA:35,2
DA:37,2
DA:38,1
DA:42,1
DA:43,1
DA:49,1
DA:58,3
LF:25
LH:23
BRDA:25,0,0,0
BRDA:25,0,1,3
BRDA:25,1,0,3
BRDA:25,1,1,3
BRDA:31,2,0,0
BRDA:31,2,1,2
BRDA:37,3,0,1
BRDA:37,3,1,1
BRDA:42,4,0,1
BRDA:42,4,1,0
BRDA:68,5,0,3
BRDA:68,5,1,3
BRDA:74,6,0,3
BRDA:74,6,1,3
BRF:14
BRH:11
end_of_record
TN:
SF:src/features/chat/ChatLogContainer.tsx
FN:21,ChatLogContainer
FN:29,(anonymous_1)
FN:33,(anonymous_2)
FN:91,(anonymous_3)
FN:96,(anonymous_4)
FN:103,(anonymous_5)
FN:138,(anonymous_6)
FN:142,(anonymous_7)
FNF:8
FNH:0
FNDA:0,ChatLogContainer
FNDA:0,(anonymous_1)
FNDA:0,(anonymous_2)
FNDA:0,(anonymous_3)
FNDA:0,(anonymous_4)
FNDA:0,(anonymous_5)
FNDA:0,(anonymous_6)
FNDA:0,(anonymous_7)
DA:22,0
DA:23,0
DA:24,0
DA:25,0
DA:27,0
DA:29,0
DA:30,0
DA:33,0
DA:38,0
DA:39,0
DA:44,0
DA:45,0
DA:46,0
DA:47,0
DA:56,0
DA:57,0
DA:58,0
DA:59,0
DA:61,0
DA:65,0
DA:73,0
DA:76,0
DA:92,0
DA:96,0
DA:104,0
DA:105,0
DA:107,0
DA:108,0
DA:112,0
DA:139,0
DA:143,0
LF:31
LH:0
BRDA:44,0,0,0
BRDA:44,0,1,0
BRDA:46,1,0,0
BRDA:46,1,1,0
BRDA:46,2,0,0
BRDA:46,2,1,0
BRDA:57,3,0,0
BRDA:57,3,1,0
BRDA:59,4,0,0
BRDA:59,4,1,0
BRDA:59,5,0,0
BRDA:59,5,1,0
BRDA:61,6,0,0
BRDA:61,6,1,0
BRDA:78,7,0,0
BRDA:78,7,1,0
BRDA:78,7,2,0
BRDA:88,8,0,0
BRDA:88,8,1,0
BRDA:107,9,0,0
BRDA:107,9,1,0
BRDA:108,10,0,0
BRDA:108,10,1,0
BRDA:116,11,0,0
BRDA:116,11,1,0
BRDA:119,12,0,0
BRDA:119,12,1,0
BRDA:120,13,0,0
BRDA:120,13,1,0
BRDA:128,14,0,0
BRDA:128,14,1,0
BRDA:128,14,2,0
BRDA:128,14,3,0
BRDA:133,15,0,0
BRDA:133,15,1,0
BRDA:136,16,0,0
BRDA:136,16,1,0
BRDA:136,16,2,0
BRDA:154,17,0,0
BRDA:154,17,1,0
BRF:40
BRH:0
end_of_record
TN:
SF:src/features/chat/UserBubble.tsx
FN:6,UserBubble
FNF:1
FNH:0
FNDA:0,UserBubble
DA:7,0
LF:1
LH:0
BRF:0
BRH:0
end_of_record
TN:
SF:src/features/diagram/DiagramFrame.tsx
FN:15,DiagramFrame
FN:25,(anonymous_1)
FN:32,(anonymous_2)
FN:48,(anonymous_3)
FN:64,(anonymous_4)
FN:66,(anonymous_5)
FN:69,(anonymous_6)
FN:74,(anonymous_7)
FN:83,(anonymous_8)
FNF:9
FNH:0
FNDA:0,DiagramFrame
FNDA:0,(anonymous_1)
FNDA:0,(anonymous_2)
FNDA:0,(anonymous_3)
FNDA:0,(anonymous_4)
FNDA:0,(anonymous_5)
FNDA:0,(anonymous_6)
FNDA:0,(anonymous_7)
FNDA:0,(anonymous_8)
DA:20,0
DA:21,0
DA:22,0
DA:23,0
DA:25,0
DA:26,0
DA:27,0
DA:28,0
DA:30,0
DA:31,0
DA:32,0
DA:33,0
DA:37,0
DA:40,0
DA:42,0
DA:43,0
DA:46,0
DA:48,0
DA:49,0
DA:50,0
DA:52,0
DA:54,0
DA:55,0
DA:57,0
DA:58,0
DA:59,0
DA:60,0
DA:62,0
DA:63,0
DA:64,0
DA:65,0
DA:66,0
DA:69,0
DA:70,0
DA:73,0
DA:74,0
DA:75,0
DA:77,0
DA:80,0
DA:81,0
DA:83,0
DA:84,0
DA:86,0
DA:90,0
DA:93,0
DA:111,0
DA:112,0
DA:115,0
LF:48
LH:0
BRDA:26,0,0,0
BRDA:26,0,1,0
BRDA:38,1,0,0
BRDA:38,1,1,0
BRDA:40,2,0,0
BRDA:40,2,1,0
BRDA:42,3,0,0
BRDA:42,3,1,0
BRDA:49,4,0,0
BRDA:49,4,1,0
BRDA:50,5,0,0
BRDA:50,5,1,0
BRDA:50,6,0,0
BRDA:50,6,1,0
BRDA:62,7,0,0
BRDA:62,7,1,0
BRDA:63,8,0,0
BRDA:63,8,1,0
BRDA:73,9,0,0
BRDA:73,9,1,0
BRDA:90,10,0,0
BRDA:90,10,1,0
BRDA:111,11,0,0
BRDA:111,11,1,0
BRF:24
BRH:0
end_of_record
TN:
SF:src/features/diagram/MermaidRenderer.tsx
FN:18,MermaidRenderer
FN:30,(anonymous_1)
FN:31,(anonymous_2)
FN:38,(anonymous_3)
FN:43,(anonymous_4)
FN:67,(anonymous_5)
FN:70,(anonymous_6)
FN:78,(anonymous_7)
FN:98,(anonymous_8)
FN:114,(anonymous_9)
FN:127,(anonymous_10)
FN:155,(anonymous_11)
FNF:12
FNH:0
FNDA:0,MermaidRenderer
FNDA:0,(anonymous_1)
FNDA:0,(anonymous_2)
FNDA:0,(anonymous_3)
FNDA:0,(anonymous_4)
FNDA:0,(anonymous_5)
FNDA:0,(anonymous_6)
FNDA:0,(anonymous_7)
FNDA:0,(anonymous_8)
FNDA:0,(anonymous_9)
FNDA:0,(anonymous_10)
FNDA:0,(anonymous_11)
DA:24,0
DA:25,0
DA:26,0
DA:27,0
DA:28,0
DA:30,0
DA:31,0
DA:32,0
DA:33,0
DA:37,0
DA:38,0
DA:39,0
DA:43,0
DA:45,0
DA:59,0
DA:62,0
DA:65,0
DA:68,0
DA:69,0
DA:70,0
DA:71,0
DA:73,0
DA:74,0
DA:76,0
DA:77,0
DA:79,0
DA:84,0
DA:85,0
DA:86,0
DA:88,0
DA:89,0
DA:90,0
DA:91,0
DA:92,0
DA:93,0
DA:100,0
DA:101,0
DA:108,0
DA:114,0
DA:115,0
DA:116,0
DA:118,0
DA:123,0
DA:124,0
DA:127,0
DA:128,0
DA:130,0
DA:131,0
DA:135,0
DA:136,0
DA:139,0
DA:143,0
DA:144,0
DA:146,0
DA:147,0
DA:152,0
DA:155,0
DA:156,0
DA:157,0
DA:162,0
LF:60
LH:0
BRDA:32,0,0,0
BRDA:32,0,1,0
BRDA:59,1,0,0
BRDA:59,1,1,0
BRDA:68,2,0,0
BRDA:68,2,1,0
BRDA:71,3,0,0
BRDA:71,3,1,0
BRDA:74,4,0,0
BRDA:74,4,1,0
BRDA:79,5,0,0
BRDA:79,5,1,0
BRDA:79,5,2,0
BRDA:84,6,0,0
BRDA:84,6,1,0
BRDA:88,7,0,0
BRDA:88,7,1,0
BRDA:91,8,0,0
BRDA:91,8,1,0
BRDA:108,9,0,0
BRDA:108,9,1,0
BRDA:109,10,0,0
BRDA:109,10,1,0
BRDA:115,11,0,0
BRDA:115,11,1,0
BRDA:128,12,0,0
BRDA:128,12,1,0
BRDA:128,13,0,0
BRDA:128,13,1,0
BRDA:131,14,0,0
BRDA:131,14,1,0
BRDA:139,15,0,0
BRDA:139,15,1,0
BRDA:139,16,0,0
BRDA:139,16,1,0
BRDA:156,17,0,0
BRDA:156,17,1,0
BRDA:165,18,0,0
BRDA:165,18,1,0
BRF:39
BRH:0
end_of_record
TN:
SF:src/features/diagram/ViewTools.tsx
FN:18,ViewTools
FN:22,(anonymous_1)
FN:32,(anonymous_2)
FN:41,(anonymous_3)
FN:57,(anonymous_4)
FNF:5
FNH:0
FNDA:0,ViewTools
FNDA:0,(anonymous_1)
FNDA:0,(anonymous_2)
FNDA:0,(anonymous_3)
FNDA:0,(anonymous_4)
DA:14,0
DA:15,0
DA:16,0
DA:19,0
DA:22,0
DA:23,0
DA:24,0
DA:25,0
DA:32,0
DA:33,0
DA:34,0
DA:35,0
DA:41,0
DA:42,0
DA:43,0
DA:44,0
DA:45,0
DA:49,0
DA:57,0
DA:58,0
DA:59,0
DA:64,0
DA:65,0
DA:81,0
LF:24
LH:0
BRDA:64,0,0,0
BRDA:64,0,1,0
BRF:2
BRH:0
end_of_record
TN:
SF:src/features/diagram/mermaidGenerator.ts
FN:37,applyMermaidStyling
FN:62,(anonymous_1)
FNF:2
FNH:0
FNDA:0,applyMermaidStyling
FNDA:0,(anonymous_1)
DA:6,0
DA:41,0
DA:53,0
DA:61,0
DA:63,0
DA:64,0
DA:66,0
DA:67,0
DA:69,0
DA:70,0
DA:77,0
DA:80,0
DA:83,0
DA:86,0
LF:14
LH:0
BRDA:63,0,0,0
BRDA:63,0,1,0
BRDA:66,1,0,0
BRDA:66,1,1,0
BRDA:69,2,0,0
BRDA:69,2,1,0
BRF:6
BRH:0
end_of_record
TN:
SF:src/features/diagram/viewButtons/FullScreenButton.tsx
FN:5,FullscreenButton
FNF:1
FNH:0
FNDA:0,FullscreenButton
DA:6,0
LF:1
LH:0
BRF:0
BRH:0
end_of_record
TN:
SF:src/features/diagram/viewButtons/PanButton.tsx
FN:6,PanButton
FNF:1
FNH:0
FNDA:0,PanButton
DA:7,0
DA:8,0
LF:2
LH:0
BRDA:10,0,0,0
BRDA:10,0,1,0
BRF:2
BRH:0
end_of_record
TN:
SF:src/features/diagram/viewButtons/SaveButton.tsx
FN:6,SaveButton
FNF:1
FNH:0
FNDA:0,SaveButton
DA:7,0
DA:8,0
DA:9,0
DA:11,0
DA:16,0
DA:18,0
LF:6
LH:0
BRDA:11,0,0,0
BRDA:11,0,1,0
BRDA:13,1,0,0
BRDA:13,1,1,0
BRDA:16,2,0,0
BRDA:16,2,1,0
BRDA:25,3,0,0
BRDA:25,3,1,0
BRDA:31,4,0,0
BRDA:31,4,1,0
BRDA:42,5,0,0
BRDA:42,5,1,0
BRF:12
BRH:0
end_of_record
TN:
SF:src/features/diagram/viewButtons/ViewAiMessage.tsx
FN:5,ViewAiMessageButton
FNF:1
FNH:0
FNDA:0,ViewAiMessageButton
DA:8,0
LF:1
LH:0
BRF:0
BRH:0
end_of_record
TN:
SF:src/features/diagram/viewButtons/ZoomInButton.tsx
FN:5,ZoomInButton
FNF:1
FNH:0
FNDA:0,ZoomInButton
DA:4,0
DA:6,0
LF:2
LH:0
BRF:0
BRH:0
end_of_record
TN:
SF:src/features/diagram/viewButtons/ZoomOutButton.tsx
FN:5,ZoomOutButton
FNF:1
FNH:0
FNDA:0,ZoomOutButton
DA:6,0
DA:7,0
LF:2
LH:0
BRF:0
BRH:0
end_of_record
TN:
SF:src/features/drift/Options.tsx
FN:8,OptionsButton
FNF:1
FNH:0
FNDA:0,OptionsButton
DA:14,0
LF:1
LH:0
BRDA:14,0,0,0
BRDA:14,0,1,0
BRF:2
BRH:0
end_of_record
TN:
SF:src/features/drift/guidedFlow.ts
FN:40,startGuidedFlowQ1
FN:54,(anonymous_1)
FN:58,(anonymous_2)
FN:64,(anonymous_3)
FN:176,(anonymous_4)
FNF:5
FNH:0
FNDA:0,startGuidedFlowQ1
FNDA:0,(anonymous_1)
FNDA:0,(anonymous_2)
FNDA:0,(anonymous_3)
FNDA:0,(anonymous_4)
DA:24,0
DA:29,0
DA:35,0
DA:41,0
DA:52,0
DA:54,0
DA:57,0
DA:58,0
DA:59,0
DA:64,0
DA:68,0
DA:70,0
DA:79,0
DA:83,0
DA:85,0
DA:90,0
DA:99,0
DA:102,0
DA:110,0
DA:111,0
DA:121,0
DA:124,0
DA:126,0
DA:129,0
DA:139,0
DA:150,0
DA:159,0
DA:169,0
DA:172,0
DA:176,0
DA:180,0
DA:181,0
DA:182,0
DA:183,0
DA:186,0
DA:193,0
DA:202,0
LF:37
LH:0
BRDA:68,0,0,0
BRDA:68,0,1,0
BRDA:68,0,2,0
BRDA:68,0,3,0
BRDA:68,0,4,0
BRDA:110,1,0,0
BRDA:110,1,1,0
BRDA:182,2,0,0
BRDA:182,2,1,0
BRF:9
BRH:0
end_of_record
TN:
SF:src/features/start/SessionInitializer.tsx
FN:21,SessionInitializer
FN:26,(anonymous_1)
FN:29,(anonymous_2)
FN:66,(anonymous_3)
FN:87,(anonymous_4)
FNF:5
FNH:0
FNDA:0,SessionInitializer
FNDA:0,(anonymous_1)
FNDA:0,(anonymous_2)
FNDA:0,(anonymous_3)
FNDA:0,(anonymous_4)
DA:22,0
DA:24,0
DA:26,0
DA:29,0
DA:30,0
DA:31,0
DA:33,0
DA:35,0
DA:36,0
DA:41,0
DA:42,0
DA:44,0
DA:45,0
DA:46,0
DA:48,0
DA:55,0
DA:58,0
DA:62,0
DA:66,0
DA:68,0
DA:69,0
DA:71,0
DA:73,0
DA:75,0
DA:81,0
DA:82,0
DA:87,0
DA:88,0
DA:89,0
DA:90,0
DA:98,0
DA:104,0
DA:108,0
DA:109,0
DA:110,0
DA:112,0
DA:113,0
DA:115,0
DA:116,0
DA:121,0
DA:122,0
DA:123,0
DA:124,0
DA:126,0
DA:127,0
DA:132,0
DA:133,0
DA:136,0
DA:139,0
LF:49
LH:0
BRDA:35,0,0,0
BRDA:35,0,1,0
BRDA:44,1,0,0
BRDA:44,1,1,0
BRDA:69,2,0,0
BRDA:69,2,1,0
BRDA:81,3,0,0
BRDA:81,3,1,0
BRDA:89,4,0,0
BRDA:89,4,1,0
BRDA:112,5,0,0
BRDA:112,5,1,0
BRDA:115,6,0,0
BRDA:115,6,1,0
BRDA:122,7,0,0
BRDA:122,7,1,0
BRDA:126,8,0,0
BRDA:126,8,1,0
BRF:18
BRH:0
end_of_record
TN:
SF:src/features/start/starterOptions.ts
FN:33,(anonymous_0)
FNF:1
FNH:0
FNDA:0,(anonymous_0)
DA:3,0
DA:33,0
DA:39,0
DA:44,0
DA:45,0
DA:46,0
DA:47,0
DA:48,0
DA:51,0
DA:52,0
DA:56,0
DA:57,0
DA:63,0
LF:13
LH:0
BRDA:47,0,0,0
BRDA:47,0,1,0
BRDA:51,1,0,0
BRDA:51,1,1,0
BRDA:56,2,0,0
BRDA:56,2,1,0
BRF:6
BRH:0
end_of_record
TN:
SF:src/mocks/chatMocks.ts
FNF:0
FNH:0
DA:3,1
LF:1
LH:1
BRF:0
BRH:0
end_of_record
TN:
SF:src/mocks/diagramMocks.ts
FNF:0
FNH:0
DA:3,1
LF:1
LH:1
BRF:0
BRH:0
end_of_record
TN:
SF:src/mocks/driftMocks.ts
FNF:0
FNH:0
DA:1,0
DA:9,0
DA:150,0
LF:3
LH:0
BRF:0
BRH:0
end_of_record
TN:
SF:src/mocks/edgeCaseMocks.ts
FNF:0
FNH:0
DA:1,0
DA:21,0
LF:2
LH:0
BRF:0
BRH:0
end_of_record
TN:
SF:src/mocks/mockInitialState.ts
FNF:0
FNH:0
DA:2,2
LF:1
LH:1
BRF:0
BRH:0
end_of_record
TN:
SF:src/mocks/mockUserInput.ts
FNF:0
FNH:0
DA:3,1
LF:1
LH:1
BRF:0
BRH:0
end_of_record
TN:
SF:src/shared/layout/ActionBar.tsx
FNF:0
FNH:0
LF:0
LH:0
BRF:0
BRH:0
end_of_record
TN:
SF:src/shared/layout/PanelLayout.tsx
FN:5,PanelLayout
FNF:1
FNH:0
FNDA:0,PanelLayout
DA:6,0
LF:1
LH:0
BRF:0
BRH:0
end_of_record
TN:
SF:src/shared/utils/idgenerator.ts
FN:6,(anonymous_0)
FNF:1
FNH:0
FNDA:0,(anonymous_0)
DA:2,0
DA:3,0
DA:6,0
DA:7,0
LF:4
LH:0
BRF:0
BRH:0
end_of_record
TN:
SF:src/shared/utils/vsCodeApi.ts
FN:26,getVsCodeApi
FN:47,checkUserApiKey
FN:51,(anonymous_2)
FN:52,(anonymous_3)
FN:80,sendUserApiKey
FN:86,(anonymous_5)
FN:87,(anonymous_6)
FN:116,requestStructure
FN:122,(anonymous_8)
FN:123,(anonymous_9)
FN:154,postDiagramToSave
FN:160,(anonymous_11)
FN:161,(anonymous_12)
FN:195,loadSavedDiagram
FN:200,(anonymous_14)
FN:201,(anonymous_15)
FN:232,requestAlignmentCheck
FN:238,(anonymous_17)
FN:239,(anonymous_18)
FN:269,requestDiagramSync
FN:274,(anonymous_20)
FN:275,(anonymous_21)
FN:308,openFileOnClick
FN:316,openFolderOnClick
FNF:24
FNH:0
FNDA:0,getVsCodeApi
FNDA:0,checkUserApiKey
FNDA:0,(anonymous_2)
FNDA:0,(anonymous_3)
FNDA:0,sendUserApiKey
FNDA:0,(anonymous_5)
FNDA:0,(anonymous_6)
FNDA:0,requestStructure
FNDA:0,(anonymous_8)
FNDA:0,(anonymous_9)
FNDA:0,postDiagramToSave
FNDA:0,(anonymous_11)
FNDA:0,(anonymous_12)
FNDA:0,loadSavedDiagram
FNDA:0,(anonymous_14)
FNDA:0,(anonymous_15)
FNDA:0,requestAlignmentCheck
FNDA:0,(anonymous_17)
FNDA:0,(anonymous_18)
FNDA:0,requestDiagramSync
FNDA:0,(anonymous_20)
FNDA:0,(anonymous_21)
FNDA:0,openFileOnClick
FNDA:0,openFolderOnClick
DA:23,0
DA:27,0
DA:28,0
DA:32,0
DA:33,0
DA:38,0
DA:39,0
DA:48,0
DA:50,0
DA:51,0
DA:52,0
DA:53,0
DA:55,0
DA:56,0
DA:57,0
DA:58,0
DA:60,0
DA:61,0
DA:62,0
DA:68,0
DA:71,0
DA:73,0
DA:85,0
DA:86,0
DA:87,0
DA:88,0
DA:90,0
DA:91,0
DA:92,0
DA:93,0
DA:95,0
DA:96,0
DA:97,0
DA:103,0
DA:106,0
DA:108,0
DA:120,0
DA:122,0
DA:123,0
DA:124,0
DA:126,0
DA:127,0
DA:128,0
DA:129,0
DA:132,0
DA:133,0
DA:134,0
DA:140,0
DA:144,0
DA:146,0
DA:158,0
DA:160,0
DA:161,0
DA:162,0
DA:164,0
DA:165,0
DA:166,0
DA:167,0
DA:170,0
DA:171,0
DA:172,0
DA:179,0
DA:181,0
DA:183,0
DA:198,0
DA:200,0
DA:201,0
DA:202,0
DA:204,0
DA:206,0
DA:207,0
DA:208,0
DA:211,0
DA:212,0
DA:213,0
DA:219,0
DA:223,0
DA:225,0
DA:236,0
DA:238,0
DA:239,0
DA:240,0
DA:242,0
DA:243,0
DA:244,0
DA:245,0
DA:246,0
DA:249,0
DA:250,0
DA:251,0
DA:260,0
DA:262,0
DA:272,0
DA:274,0
DA:275,0
DA:276,0
DA:278,0
DA:279,0
DA:280,0
DA:281,0
DA:284,0
DA:285,0
DA:286,0
DA:295,0
DA:297,0
DA:309,0
DA:310,0
DA:317,0
DA:318,0
LF:109
LH:0
BRDA:27,0,0,0
BRDA:27,0,1,0
BRDA:32,1,0,0
BRDA:32,1,1,0
BRDA:55,2,0,0
BRDA:55,2,1,0
BRDA:60,3,0,0
BRDA:60,3,1,0
BRDA:64,4,0,0
BRDA:64,4,1,0
BRDA:90,5,0,0
BRDA:90,5,1,0
BRDA:95,6,0,0
BRDA:95,6,1,0
BRDA:99,7,0,0
BRDA:99,7,1,0
BRDA:126,8,0,0
BRDA:126,8,1,0
BRDA:132,9,0,0
BRDA:132,9,1,0
BRDA:136,10,0,0
BRDA:136,10,1,0
BRDA:164,11,0,0
BRDA:164,11,1,0
BRDA:170,12,0,0
BRDA:170,12,1,0
BRDA:174,13,0,0
BRDA:174,13,1,0
BRDA:204,14,0,0
BRDA:204,14,1,0
BRDA:211,15,0,0
BRDA:211,15,1,0
BRDA:215,16,0,0
BRDA:215,16,1,0
BRDA:242,17,0,0
BRDA:242,17,1,0
BRDA:249,18,0,0
BRDA:249,18,1,0
BRDA:253,19,0,0
BRDA:253,19,1,0
BRDA:278,20,0,0
BRDA:278,20,1,0
BRDA:284,21,0,0
BRDA:284,21,1,0
BRDA:288,22,0,0
BRDA:288,22,1,0
BRF:46
BRH:0
end_of_record
TN:
SF:src/state/diagramContext.ts
FN:10,useDiagramState
FN:18,useDiagramDispatch
FNF:2
FNH:0
FNDA:0,useDiagramState
FNDA:0,useDiagramDispatch
DA:5,0
DA:6,0
DA:11,0
DA:12,0
DA:13,0
DA:15,0
DA:19,0
DA:20,0
DA:21,0
DA:23,0
LF:10
LH:0
BRDA:12,0,0,0
BRDA:12,0,1,0
BRDA:20,1,0,0
BRDA:20,1,1,0
BRF:4
BRH:0
end_of_record
TN:
SF:src/state/diagramReducer.ts
FN:13,chatReducer
FN:175,(anonymous_1)
FN:235,(anonymous_2)
FNF:3
FNH:3
FNDA:12,chatReducer
FNDA:1,(anonymous_1)
FNDA:1,(anonymous_2)
DA:18,12
DA:20,1
DA:29,1
DA:40,1
DA:50,1
DA:51,1
DA:58,1
DA:73,1
DA:83,1
DA:90,1
DA:106,1
DA:110,1
DA:116,1
DA:117,1
DA:131,1
DA:151,1
DA:158,1
DA:173,1
DA:174,1
DA:176,1
DA:177,1
DA:185,0
DA:188,1
DA:198,2
DA:199,2
DA:203,2
DA:212,2
DA:226,1
DA:227,1
DA:235,1
DA:236,1
DA:237,1
DA:238,1
DA:239,1
DA:240,1
DA:242,0
DA:244,0
DA:246,1
DA:256,0
LF:39
LH:35
BRDA:18,0,0,1
BRDA:18,0,1,1
BRDA:18,0,2,1
BRDA:18,0,3,1
BRDA:18,0,4,1
BRDA:18,0,5,1
BRDA:18,0,6,1
BRDA:18,0,7,1
BRDA:18,0,8,1
BRDA:18,0,9,2
BRDA:18,0,10,1
BRDA:18,0,11,0
BRDA:176,1,0,1
BRDA:176,1,1,0
BRDA:176,2,0,1
BRDA:176,2,1,1
BRDA:208,3,0,2
BRDA:208,3,1,0
BRDA:236,4,0,1
BRDA:236,4,1,0
BRDA:237,5,0,1
BRDA:237,5,1,0
BRF:22
BRH:17
end_of_record
TN:
SF:src/state/diagramStore.tsx
FN:8,DiagramProvider
FNF:1
FNH:0
FNDA:0,DiagramProvider
DA:9,0
DA:11,0
LF:2
LH:0
BRF:0
BRH:0
end_of_record
TN:
SF:src/state/initialState.ts
FNF:0
FNH:0
DA:79,1
LF:1
LH:1
BRF:0
BRH:0
end_of_record
TN:
SF:src/types/diagramTypes.js
FNF:0
FNH:0
LF:0
LH:0
BRF:0
BRH:0
end_of_record
TN:
SF:src/types/diagramTypes.ts
FNF:0
FNH:0
LF:0
LH:0
BRF:0
BRH:0
end_of_record
TN:
SF:src/types/ipcTypes.ts
FNF:0
FNH:0
LF:0
LH:0
BRF:0
BRH:0
end_of_record
